Sun, 22 Jan 2023 06:35:13 GMT
catchAll error
Stack: Error: ER_NOT_SUPPORTED_AUTH_MODE: Client does not support authentication protocol requested by server; consider upgrading MySQL client
    at Handshake.Sequence._packetToError (C:\Users\97254\Desktop\Third project\Backend\node_modules\mysql\lib\protocol\sequences\Sequence.js:47:14)
    at Handshake.ErrorPacket (C:\Users\97254\Desktop\Third project\Backend\node_modules\mysql\lib\protocol\sequences\Handshake.js:123:18)
    at Protocol._parsePacket (C:\Users\97254\Desktop\Third project\Backend\node_modules\mysql\lib\protocol\Protocol.js:291:23)
    at Parser._parsePacket (C:\Users\97254\Desktop\Third project\Backend\node_modules\mysql\lib\protocol\Parser.js:433:10)
    at Parser.write (C:\Users\97254\Desktop\Third project\Backend\node_modules\mysql\lib\protocol\Parser.js:43:10)
    at Protocol.write (C:\Users\97254\Desktop\Third project\Backend\node_modules\mysql\lib\protocol\Protocol.js:38:16)
    at Socket.<anonymous> (C:\Users\97254\Desktop\Third project\Backend\node_modules\mysql\lib\Connection.js:88:28)
    at Socket.<anonymous> (C:\Users\97254\Desktop\Third project\Backend\node_modules\mysql\lib\Connection.js:526:10)
    at Socket.emit (node:events:390:28)
    at Socket.emit (node:domain:475:12)
    --------------------
    at Protocol._enqueue (C:\Users\97254\Desktop\Third project\Backend\node_modules\mysql\lib\protocol\Protocol.js:144:48)
    at Protocol.handshake (C:\Users\97254\Desktop\Third project\Backend\node_modules\mysql\lib\protocol\Protocol.js:51:23)
    at PoolConnection.connect (C:\Users\97254\Desktop\Third project\Backend\node_modules\mysql\lib\Connection.js:116:18)
    at Pool.getConnection (C:\Users\97254\Desktop\Third project\Backend\node_modules\mysql\lib\Pool.js:48:16)
    at Pool.query (C:\Users\97254\Desktop\Third project\Backend\node_modules\mysql\lib\Pool.js:202:8)
    at C:\Users\97254\Desktop\Third project\Backend\src\2-utils\dal.ts:13:20
    at new Promise (<anonymous>)
    at Object.execute (C:\Users\97254\Desktop\Third project\Backend\src\2-utils\dal.ts:12:12)
    at Object.<anonymous> (C:\Users\97254\Desktop\Third project\Backend\src\5-logic\auth-logic.ts:49:29)
    at Generator.next (<anonymous>)
----------------------------------------------------------------------------------------------------
Sun, 22 Jan 2023 06:35:30 GMT
catchAll error
Stack: Error: ER_NOT_SUPPORTED_AUTH_MODE: Client does not support authentication protocol requested by server; consider upgrading MySQL client
    at Handshake.Sequence._packetToError (C:\Users\97254\Desktop\Third project\Backend\node_modules\mysql\lib\protocol\sequences\Sequence.js:47:14)
    at Handshake.ErrorPacket (C:\Users\97254\Desktop\Third project\Backend\node_modules\mysql\lib\protocol\sequences\Handshake.js:123:18)
    at Protocol._parsePacket (C:\Users\97254\Desktop\Third project\Backend\node_modules\mysql\lib\protocol\Protocol.js:291:23)
    at Parser._parsePacket (C:\Users\97254\Desktop\Third project\Backend\node_modules\mysql\lib\protocol\Parser.js:433:10)
    at Parser.write (C:\Users\97254\Desktop\Third project\Backend\node_modules\mysql\lib\protocol\Parser.js:43:10)
    at Protocol.write (C:\Users\97254\Desktop\Third project\Backend\node_modules\mysql\lib\protocol\Protocol.js:38:16)
    at Socket.<anonymous> (C:\Users\97254\Desktop\Third project\Backend\node_modules\mysql\lib\Connection.js:88:28)
    at Socket.<anonymous> (C:\Users\97254\Desktop\Third project\Backend\node_modules\mysql\lib\Connection.js:526:10)
    at Socket.emit (node:events:390:28)
    at Socket.emit (node:domain:475:12)
    --------------------
    at Protocol._enqueue (C:\Users\97254\Desktop\Third project\Backend\node_modules\mysql\lib\protocol\Protocol.js:144:48)
    at Protocol.handshake (C:\Users\97254\Desktop\Third project\Backend\node_modules\mysql\lib\protocol\Protocol.js:51:23)
    at PoolConnection.connect (C:\Users\97254\Desktop\Third project\Backend\node_modules\mysql\lib\Connection.js:116:18)
    at Pool.getConnection (C:\Users\97254\Desktop\Third project\Backend\node_modules\mysql\lib\Pool.js:48:16)
    at Pool.query (C:\Users\97254\Desktop\Third project\Backend\node_modules\mysql\lib\Pool.js:202:8)
    at C:\Users\97254\Desktop\Third project\Backend\src\2-utils\dal.ts:13:20
    at new Promise (<anonymous>)
    at Object.execute (C:\Users\97254\Desktop\Third project\Backend\src\2-utils\dal.ts:12:12)
    at Object.<anonymous> (C:\Users\97254\Desktop\Third project\Backend\src\5-logic\auth-logic.ts:49:29)
    at Generator.next (<anonymous>)
----------------------------------------------------------------------------------------------------
Sun, 22 Jan 2023 11:13:00 GMT
catchAll error
Stack: Error: ER_BAD_DB_ERROR: Unknown database 'vacations'
    at Handshake.Sequence._packetToError (C:\Users\USER001\Desktop\vacations-newest\Backend\node_modules\mysql\lib\protocol\sequences\Sequence.js:47:14)
    at Handshake.ErrorPacket (C:\Users\USER001\Desktop\vacations-newest\Backend\node_modules\mysql\lib\protocol\sequences\Handshake.js:123:18)
    at Protocol._parsePacket (C:\Users\USER001\Desktop\vacations-newest\Backend\node_modules\mysql\lib\protocol\Protocol.js:291:23)
    at Parser._parsePacket (C:\Users\USER001\Desktop\vacations-newest\Backend\node_modules\mysql\lib\protocol\Parser.js:433:10)
    at Parser.write (C:\Users\USER001\Desktop\vacations-newest\Backend\node_modules\mysql\lib\protocol\Parser.js:43:10)
    at Protocol.write (C:\Users\USER001\Desktop\vacations-newest\Backend\node_modules\mysql\lib\protocol\Protocol.js:38:16)
    at Socket.<anonymous> (C:\Users\USER001\Desktop\vacations-newest\Backend\node_modules\mysql\lib\Connection.js:88:28)
    at Socket.<anonymous> (C:\Users\USER001\Desktop\vacations-newest\Backend\node_modules\mysql\lib\Connection.js:526:10)
    at Socket.emit (node:events:390:28)
    at Socket.emit (node:domain:475:12)
    --------------------
    at Protocol._enqueue (C:\Users\USER001\Desktop\vacations-newest\Backend\node_modules\mysql\lib\protocol\Protocol.js:144:48)
    at Protocol.handshake (C:\Users\USER001\Desktop\vacations-newest\Backend\node_modules\mysql\lib\protocol\Protocol.js:51:23)
    at PoolConnection.connect (C:\Users\USER001\Desktop\vacations-newest\Backend\node_modules\mysql\lib\Connection.js:116:18)
    at Pool.getConnection (C:\Users\USER001\Desktop\vacations-newest\Backend\node_modules\mysql\lib\Pool.js:48:16)
    at Pool.query (C:\Users\USER001\Desktop\vacations-newest\Backend\node_modules\mysql\lib\Pool.js:202:8)
    at C:\Users\USER001\Desktop\vacations-newest\Backend\src\2-utils\dal.ts:13:20
    at new Promise (<anonymous>)
    at Object.execute (C:\Users\USER001\Desktop\vacations-newest\Backend\src\2-utils\dal.ts:12:12)
    at Object.<anonymous> (C:\Users\USER001\Desktop\vacations-newest\Backend\src\5-logic\auth-logic.ts:17:29)
    at Generator.next (<anonymous>)
----------------------------------------------------------------------------------------------------
Wed, 25 Jan 2023 16:09:01 GMT
catchAll error
Stack: Error: ER_BAD_FIELD_ERROR: Unknown column 'followersAmount' in 'field list'
    at Query.Sequence._packetToError (C:\Users\USER001\Desktop\vacations-newest\Backend\node_modules\mysql\lib\protocol\sequences\Sequence.js:47:14)
    at Query.ErrorPacket (C:\Users\USER001\Desktop\vacations-newest\Backend\node_modules\mysql\lib\protocol\sequences\Query.js:79:18)
    at Protocol._parsePacket (C:\Users\USER001\Desktop\vacations-newest\Backend\node_modules\mysql\lib\protocol\Protocol.js:291:23)
    at Parser._parsePacket (C:\Users\USER001\Desktop\vacations-newest\Backend\node_modules\mysql\lib\protocol\Parser.js:433:10)
    at Parser.write (C:\Users\USER001\Desktop\vacations-newest\Backend\node_modules\mysql\lib\protocol\Parser.js:43:10)
    at Protocol.write (C:\Users\USER001\Desktop\vacations-newest\Backend\node_modules\mysql\lib\protocol\Protocol.js:38:16)
    at Socket.<anonymous> (C:\Users\USER001\Desktop\vacations-newest\Backend\node_modules\mysql\lib\Connection.js:88:28)
    at Socket.<anonymous> (C:\Users\USER001\Desktop\vacations-newest\Backend\node_modules\mysql\lib\Connection.js:526:10)
    at Socket.emit (node:events:390:28)
    at Socket.emit (node:domain:475:12)
    --------------------
    at Pool.query (C:\Users\USER001\Desktop\vacations-newest\Backend\node_modules\mysql\lib\Pool.js:199:23)
    at C:\Users\USER001\Desktop\vacations-newest\Backend\src\2-utils\dal.ts:13:20
    at new Promise (<anonymous>)
    at Object.execute (C:\Users\USER001\Desktop\vacations-newest\Backend\src\2-utils\dal.ts:12:12)
    at Object.<anonymous> (C:\Users\USER001\Desktop\vacations-newest\Backend\src\5-logic\vacations-logic.ts:44:33)
    at Generator.next (<anonymous>)
    at C:\Users\USER001\Desktop\vacations-newest\Backend\src\5-logic\vacations-logic.ts:8:71
    at new Promise (<anonymous>)
    at __awaiter (C:\Users\USER001\Desktop\vacations-newest\Backend\src\5-logic\vacations-logic.ts:4:12)
    at Object.getVacationsForUser (C:\Users\USER001\Desktop\vacations-newest\Backend\src\5-logic\vacations-logic.ts:38:12)
----------------------------------------------------------------------------------------------------
Thu, 26 Jan 2023 09:04:41 GMT
catchAll error
Stack: Error: ER_ROW_IS_REFERENCED_2: Cannot delete or update a parent row: a foreign key constraint fails (`vacation`.`followers`, CONSTRAINT `followers_ibfk_1` FOREIGN KEY (`vacationId`) REFERENCES `vacations` (`vacationId`))
    at Query.Sequence._packetToError (C:\Users\USER001\Desktop\vacations-newest\Backend\node_modules\mysql\lib\protocol\sequences\Sequence.js:47:14)
    at Query.ErrorPacket (C:\Users\USER001\Desktop\vacations-newest\Backend\node_modules\mysql\lib\protocol\sequences\Query.js:79:18)
    at Protocol._parsePacket (C:\Users\USER001\Desktop\vacations-newest\Backend\node_modules\mysql\lib\protocol\Protocol.js:291:23)
    at Parser._parsePacket (C:\Users\USER001\Desktop\vacations-newest\Backend\node_modules\mysql\lib\protocol\Parser.js:433:10)
    at Parser.write (C:\Users\USER001\Desktop\vacations-newest\Backend\node_modules\mysql\lib\protocol\Parser.js:43:10)
    at Protocol.write (C:\Users\USER001\Desktop\vacations-newest\Backend\node_modules\mysql\lib\protocol\Protocol.js:38:16)
    at Socket.<anonymous> (C:\Users\USER001\Desktop\vacations-newest\Backend\node_modules\mysql\lib\Connection.js:88:28)
    at Socket.<anonymous> (C:\Users\USER001\Desktop\vacations-newest\Backend\node_modules\mysql\lib\Connection.js:526:10)
    at Socket.emit (node:events:390:28)
    at Socket.emit (node:domain:475:12)
    --------------------
    at Pool.query (C:\Users\USER001\Desktop\vacations-newest\Backend\node_modules\mysql\lib\Pool.js:199:23)
    at C:\Users\USER001\Desktop\vacations-newest\Backend\src\2-utils\dal.ts:13:20
    at new Promise (<anonymous>)
    at Object.execute (C:\Users\USER001\Desktop\vacations-newest\Backend\src\2-utils\dal.ts:12:12)
    at Object.<anonymous> (C:\Users\USER001\Desktop\vacations-newest\Backend\src\5-logic\vacations-logic.ts:130:38)
    at Generator.next (<anonymous>)
    at C:\Users\USER001\Desktop\vacations-newest\Backend\src\5-logic\vacations-logic.ts:8:71
    at new Promise (<anonymous>)
    at __awaiter (C:\Users\USER001\Desktop\vacations-newest\Backend\src\5-logic\vacations-logic.ts:4:12)
    at Object.deleteVacation (C:\Users\USER001\Desktop\vacations-newest\Backend\src\5-logic\vacations-logic.ts:118:12)
----------------------------------------------------------------------------------------------------
Sat, 28 Jan 2023 09:51:27 GMT
catchAll error
Stack: Error: ER_ROW_IS_REFERENCED_2: Cannot delete or update a parent row: a foreign key constraint fails (`vacation`.`followers`, CONSTRAINT `followers_ibfk_1` FOREIGN KEY (`vacationId`) REFERENCES `vacations` (`vacationId`))
    at Query.Sequence._packetToError (C:\Users\USER001\Desktop\vacations-newest\Backend\node_modules\mysql\lib\protocol\sequences\Sequence.js:47:14)
    at Query.ErrorPacket (C:\Users\USER001\Desktop\vacations-newest\Backend\node_modules\mysql\lib\protocol\sequences\Query.js:79:18)
    at Protocol._parsePacket (C:\Users\USER001\Desktop\vacations-newest\Backend\node_modules\mysql\lib\protocol\Protocol.js:291:23)
    at Parser._parsePacket (C:\Users\USER001\Desktop\vacations-newest\Backend\node_modules\mysql\lib\protocol\Parser.js:433:10)
    at Parser.write (C:\Users\USER001\Desktop\vacations-newest\Backend\node_modules\mysql\lib\protocol\Parser.js:43:10)
    at Protocol.write (C:\Users\USER001\Desktop\vacations-newest\Backend\node_modules\mysql\lib\protocol\Protocol.js:38:16)
    at Socket.<anonymous> (C:\Users\USER001\Desktop\vacations-newest\Backend\node_modules\mysql\lib\Connection.js:88:28)
    at Socket.<anonymous> (C:\Users\USER001\Desktop\vacations-newest\Backend\node_modules\mysql\lib\Connection.js:526:10)
    at Socket.emit (node:events:390:28)
    at Socket.emit (node:domain:475:12)
    --------------------
    at Pool.query (C:\Users\USER001\Desktop\vacations-newest\Backend\node_modules\mysql\lib\Pool.js:199:23)
    at C:\Users\USER001\Desktop\vacations-newest\Backend\src\2-utils\dal.ts:13:20
    at new Promise (<anonymous>)
    at Object.execute (C:\Users\USER001\Desktop\vacations-newest\Backend\src\2-utils\dal.ts:12:12)
    at Object.<anonymous> (C:\Users\USER001\Desktop\vacations-newest\Backend\src\5-logic\vacations-logic.ts:130:38)
    at Generator.next (<anonymous>)
    at C:\Users\USER001\Desktop\vacations-newest\Backend\src\5-logic\vacations-logic.ts:8:71
    at new Promise (<anonymous>)
    at __awaiter (C:\Users\USER001\Desktop\vacations-newest\Backend\src\5-logic\vacations-logic.ts:4:12)
    at Object.deleteVacation (C:\Users\USER001\Desktop\vacations-newest\Backend\src\5-logic\vacations-logic.ts:118:12)
----------------------------------------------------------------------------------------------------
Sat, 28 Jan 2023 11:53:06 GMT
catchAll error
Stack: Error: ER_ROW_IS_REFERENCED_2: Cannot delete or update a parent row: a foreign key constraint fails (`vacation`.`followers`, CONSTRAINT `followers_ibfk_1` FOREIGN KEY (`vacationId`) REFERENCES `vacations` (`vacationId`))
    at Query.Sequence._packetToError (C:\Users\USER001\Desktop\vacations-newest\Backend\node_modules\mysql\lib\protocol\sequences\Sequence.js:47:14)
    at Query.ErrorPacket (C:\Users\USER001\Desktop\vacations-newest\Backend\node_modules\mysql\lib\protocol\sequences\Query.js:79:18)
    at Protocol._parsePacket (C:\Users\USER001\Desktop\vacations-newest\Backend\node_modules\mysql\lib\protocol\Protocol.js:291:23)
    at Parser._parsePacket (C:\Users\USER001\Desktop\vacations-newest\Backend\node_modules\mysql\lib\protocol\Parser.js:433:10)
    at Parser.write (C:\Users\USER001\Desktop\vacations-newest\Backend\node_modules\mysql\lib\protocol\Parser.js:43:10)
    at Protocol.write (C:\Users\USER001\Desktop\vacations-newest\Backend\node_modules\mysql\lib\protocol\Protocol.js:38:16)
    at Socket.<anonymous> (C:\Users\USER001\Desktop\vacations-newest\Backend\node_modules\mysql\lib\Connection.js:88:28)
    at Socket.<anonymous> (C:\Users\USER001\Desktop\vacations-newest\Backend\node_modules\mysql\lib\Connection.js:526:10)
    at Socket.emit (node:events:390:28)
    at Socket.emit (node:domain:475:12)
    --------------------
    at Pool.query (C:\Users\USER001\Desktop\vacations-newest\Backend\node_modules\mysql\lib\Pool.js:199:23)
    at C:\Users\USER001\Desktop\vacations-newest\Backend\src\2-utils\dal.ts:13:20
    at new Promise (<anonymous>)
    at Object.execute (C:\Users\USER001\Desktop\vacations-newest\Backend\src\2-utils\dal.ts:12:12)
    at Object.<anonymous> (C:\Users\USER001\Desktop\vacations-newest\Backend\src\5-logic\vacations-logic.ts:130:38)
    at Generator.next (<anonymous>)
    at C:\Users\USER001\Desktop\vacations-newest\Backend\src\5-logic\vacations-logic.ts:8:71
    at new Promise (<anonymous>)
    at __awaiter (C:\Users\USER001\Desktop\vacations-newest\Backend\src\5-logic\vacations-logic.ts:4:12)
    at Object.deleteVacation (C:\Users\USER001\Desktop\vacations-newest\Backend\src\5-logic\vacations-logic.ts:118:12)
----------------------------------------------------------------------------------------------------
Sat, 28 Jan 2023 18:25:46 GMT
catchAll error
Stack: Error: ER_ROW_IS_REFERENCED_2: Cannot delete or update a parent row: a foreign key constraint fails (`vacation`.`followers`, CONSTRAINT `followers_ibfk_1` FOREIGN KEY (`vacationId`) REFERENCES `vacations` (`vacationId`))
    at Query.Sequence._packetToError (C:\Users\USER001\Desktop\vacations-newest\Backend\node_modules\mysql\lib\protocol\sequences\Sequence.js:47:14)
    at Query.ErrorPacket (C:\Users\USER001\Desktop\vacations-newest\Backend\node_modules\mysql\lib\protocol\sequences\Query.js:79:18)
    at Protocol._parsePacket (C:\Users\USER001\Desktop\vacations-newest\Backend\node_modules\mysql\lib\protocol\Protocol.js:291:23)
    at Parser._parsePacket (C:\Users\USER001\Desktop\vacations-newest\Backend\node_modules\mysql\lib\protocol\Parser.js:433:10)
    at Parser.write (C:\Users\USER001\Desktop\vacations-newest\Backend\node_modules\mysql\lib\protocol\Parser.js:43:10)
    at Protocol.write (C:\Users\USER001\Desktop\vacations-newest\Backend\node_modules\mysql\lib\protocol\Protocol.js:38:16)
    at Socket.<anonymous> (C:\Users\USER001\Desktop\vacations-newest\Backend\node_modules\mysql\lib\Connection.js:88:28)
    at Socket.<anonymous> (C:\Users\USER001\Desktop\vacations-newest\Backend\node_modules\mysql\lib\Connection.js:526:10)
    at Socket.emit (node:events:390:28)
    at Socket.emit (node:domain:475:12)
    --------------------
    at Pool.query (C:\Users\USER001\Desktop\vacations-newest\Backend\node_modules\mysql\lib\Pool.js:199:23)
    at C:\Users\USER001\Desktop\vacations-newest\Backend\src\2-utils\dal.ts:13:20
    at new Promise (<anonymous>)
    at Object.execute (C:\Users\USER001\Desktop\vacations-newest\Backend\src\2-utils\dal.ts:12:12)
    at Object.<anonymous> (C:\Users\USER001\Desktop\vacations-newest\Backend\src\5-logic\vacations-logic.ts:130:38)
    at Generator.next (<anonymous>)
    at C:\Users\USER001\Desktop\vacations-newest\Backend\src\5-logic\vacations-logic.ts:8:71
    at new Promise (<anonymous>)
    at __awaiter (C:\Users\USER001\Desktop\vacations-newest\Backend\src\5-logic\vacations-logic.ts:4:12)
    at Object.deleteVacation (C:\Users\USER001\Desktop\vacations-newest\Backend\src\5-logic\vacations-logic.ts:118:12)
----------------------------------------------------------------------------------------------------
Sat, 28 Jan 2023 18:27:01 GMT
catchAll error
Stack: Error: ER_ROW_IS_REFERENCED_2: Cannot delete or update a parent row: a foreign key constraint fails (`vacation`.`followers`, CONSTRAINT `followers_ibfk_1` FOREIGN KEY (`vacationId`) REFERENCES `vacations` (`vacationId`))
    at Query.Sequence._packetToError (C:\Users\USER001\Desktop\vacations-newest\Backend\node_modules\mysql\lib\protocol\sequences\Sequence.js:47:14)
    at Query.ErrorPacket (C:\Users\USER001\Desktop\vacations-newest\Backend\node_modules\mysql\lib\protocol\sequences\Query.js:79:18)
    at Protocol._parsePacket (C:\Users\USER001\Desktop\vacations-newest\Backend\node_modules\mysql\lib\protocol\Protocol.js:291:23)
    at Parser._parsePacket (C:\Users\USER001\Desktop\vacations-newest\Backend\node_modules\mysql\lib\protocol\Parser.js:433:10)
    at Parser.write (C:\Users\USER001\Desktop\vacations-newest\Backend\node_modules\mysql\lib\protocol\Parser.js:43:10)
    at Protocol.write (C:\Users\USER001\Desktop\vacations-newest\Backend\node_modules\mysql\lib\protocol\Protocol.js:38:16)
    at Socket.<anonymous> (C:\Users\USER001\Desktop\vacations-newest\Backend\node_modules\mysql\lib\Connection.js:88:28)
    at Socket.<anonymous> (C:\Users\USER001\Desktop\vacations-newest\Backend\node_modules\mysql\lib\Connection.js:526:10)
    at Socket.emit (node:events:390:28)
    at Socket.emit (node:domain:475:12)
    --------------------
    at Pool.query (C:\Users\USER001\Desktop\vacations-newest\Backend\node_modules\mysql\lib\Pool.js:199:23)
    at C:\Users\USER001\Desktop\vacations-newest\Backend\src\2-utils\dal.ts:13:20
    at new Promise (<anonymous>)
    at Object.execute (C:\Users\USER001\Desktop\vacations-newest\Backend\src\2-utils\dal.ts:12:12)
    at Object.<anonymous> (C:\Users\USER001\Desktop\vacations-newest\Backend\src\5-logic\vacations-logic.ts:130:38)
    at Generator.next (<anonymous>)
    at C:\Users\USER001\Desktop\vacations-newest\Backend\src\5-logic\vacations-logic.ts:8:71
    at new Promise (<anonymous>)
    at __awaiter (C:\Users\USER001\Desktop\vacations-newest\Backend\src\5-logic\vacations-logic.ts:4:12)
    at Object.deleteVacation (C:\Users\USER001\Desktop\vacations-newest\Backend\src\5-logic\vacations-logic.ts:118:12)
----------------------------------------------------------------------------------------------------
Sun, 29 Jan 2023 09:46:01 GMT
catchAll error
Stack: Error: ER_ROW_IS_REFERENCED_2: Cannot delete or update a parent row: a foreign key constraint fails (`vacation`.`followers`, CONSTRAINT `followers_ibfk_1` FOREIGN KEY (`vacationId`) REFERENCES `vacations` (`vacationId`))
    at Query.Sequence._packetToError (C:\Users\USER001\Desktop\vacations-newest\Backend\node_modules\mysql\lib\protocol\sequences\Sequence.js:47:14)
    at Query.ErrorPacket (C:\Users\USER001\Desktop\vacations-newest\Backend\node_modules\mysql\lib\protocol\sequences\Query.js:79:18)
    at Protocol._parsePacket (C:\Users\USER001\Desktop\vacations-newest\Backend\node_modules\mysql\lib\protocol\Protocol.js:291:23)
    at Parser._parsePacket (C:\Users\USER001\Desktop\vacations-newest\Backend\node_modules\mysql\lib\protocol\Parser.js:433:10)
    at Parser.write (C:\Users\USER001\Desktop\vacations-newest\Backend\node_modules\mysql\lib\protocol\Parser.js:43:10)
    at Protocol.write (C:\Users\USER001\Desktop\vacations-newest\Backend\node_modules\mysql\lib\protocol\Protocol.js:38:16)
    at Socket.<anonymous> (C:\Users\USER001\Desktop\vacations-newest\Backend\node_modules\mysql\lib\Connection.js:88:28)
    at Socket.<anonymous> (C:\Users\USER001\Desktop\vacations-newest\Backend\node_modules\mysql\lib\Connection.js:526:10)
    at Socket.emit (node:events:390:28)
    at Socket.emit (node:domain:475:12)
    --------------------
    at Pool.query (C:\Users\USER001\Desktop\vacations-newest\Backend\node_modules\mysql\lib\Pool.js:199:23)
    at C:\Users\USER001\Desktop\vacations-newest\Backend\src\2-utils\dal.ts:13:20
    at new Promise (<anonymous>)
    at Object.execute (C:\Users\USER001\Desktop\vacations-newest\Backend\src\2-utils\dal.ts:12:12)
    at Object.<anonymous> (C:\Users\USER001\Desktop\vacations-newest\Backend\src\5-logic\vacations-logic.ts:130:38)
    at Generator.next (<anonymous>)
    at C:\Users\USER001\Desktop\vacations-newest\Backend\src\5-logic\vacations-logic.ts:8:71
    at new Promise (<anonymous>)
    at __awaiter (C:\Users\USER001\Desktop\vacations-newest\Backend\src\5-logic\vacations-logic.ts:4:12)
    at Object.deleteVacation (C:\Users\USER001\Desktop\vacations-newest\Backend\src\5-logic\vacations-logic.ts:118:12)
----------------------------------------------------------------------------------------------------
Sun, 29 Jan 2023 19:37:09 GMT
catchAll error
Stack: Error: ER_ROW_IS_REFERENCED_2: Cannot delete or update a parent row: a foreign key constraint fails (`vacation`.`followers`, CONSTRAINT `followers_ibfk_1` FOREIGN KEY (`vacationId`) REFERENCES `vacations` (`vacationId`))
    at Query.Sequence._packetToError (C:\Users\USER001\Desktop\vacations-newest\Backend\node_modules\mysql\lib\protocol\sequences\Sequence.js:47:14)
    at Query.ErrorPacket (C:\Users\USER001\Desktop\vacations-newest\Backend\node_modules\mysql\lib\protocol\sequences\Query.js:79:18)
    at Protocol._parsePacket (C:\Users\USER001\Desktop\vacations-newest\Backend\node_modules\mysql\lib\protocol\Protocol.js:291:23)
    at Parser._parsePacket (C:\Users\USER001\Desktop\vacations-newest\Backend\node_modules\mysql\lib\protocol\Parser.js:433:10)
    at Parser.write (C:\Users\USER001\Desktop\vacations-newest\Backend\node_modules\mysql\lib\protocol\Parser.js:43:10)
    at Protocol.write (C:\Users\USER001\Desktop\vacations-newest\Backend\node_modules\mysql\lib\protocol\Protocol.js:38:16)
    at Socket.<anonymous> (C:\Users\USER001\Desktop\vacations-newest\Backend\node_modules\mysql\lib\Connection.js:88:28)
    at Socket.<anonymous> (C:\Users\USER001\Desktop\vacations-newest\Backend\node_modules\mysql\lib\Connection.js:526:10)
    at Socket.emit (node:events:390:28)
    at Socket.emit (node:domain:475:12)
    --------------------
    at Pool.query (C:\Users\USER001\Desktop\vacations-newest\Backend\node_modules\mysql\lib\Pool.js:199:23)
    at C:\Users\USER001\Desktop\vacations-newest\Backend\src\2-utils\dal.ts:13:20
    at new Promise (<anonymous>)
    at Object.execute (C:\Users\USER001\Desktop\vacations-newest\Backend\src\2-utils\dal.ts:12:12)
    at Object.<anonymous> (C:\Users\USER001\Desktop\vacations-newest\Backend\src\5-logic\vacations-logic.ts:130:38)
    at Generator.next (<anonymous>)
    at C:\Users\USER001\Desktop\vacations-newest\Backend\src\5-logic\vacations-logic.ts:8:71
    at new Promise (<anonymous>)
    at __awaiter (C:\Users\USER001\Desktop\vacations-newest\Backend\src\5-logic\vacations-logic.ts:4:12)
    at Object.deleteVacation (C:\Users\USER001\Desktop\vacations-newest\Backend\src\5-logic\vacations-logic.ts:118:12)
----------------------------------------------------------------------------------------------------
Sun, 29 Jan 2023 19:37:35 GMT
catchAll error
Stack: Error: ER_ROW_IS_REFERENCED_2: Cannot delete or update a parent row: a foreign key constraint fails (`vacation`.`followers`, CONSTRAINT `followers_ibfk_1` FOREIGN KEY (`vacationId`) REFERENCES `vacations` (`vacationId`))
    at Query.Sequence._packetToError (C:\Users\USER001\Desktop\vacations-newest\Backend\node_modules\mysql\lib\protocol\sequences\Sequence.js:47:14)
    at Query.ErrorPacket (C:\Users\USER001\Desktop\vacations-newest\Backend\node_modules\mysql\lib\protocol\sequences\Query.js:79:18)
    at Protocol._parsePacket (C:\Users\USER001\Desktop\vacations-newest\Backend\node_modules\mysql\lib\protocol\Protocol.js:291:23)
    at Parser._parsePacket (C:\Users\USER001\Desktop\vacations-newest\Backend\node_modules\mysql\lib\protocol\Parser.js:433:10)
    at Parser.write (C:\Users\USER001\Desktop\vacations-newest\Backend\node_modules\mysql\lib\protocol\Parser.js:43:10)
    at Protocol.write (C:\Users\USER001\Desktop\vacations-newest\Backend\node_modules\mysql\lib\protocol\Protocol.js:38:16)
    at Socket.<anonymous> (C:\Users\USER001\Desktop\vacations-newest\Backend\node_modules\mysql\lib\Connection.js:88:28)
    at Socket.<anonymous> (C:\Users\USER001\Desktop\vacations-newest\Backend\node_modules\mysql\lib\Connection.js:526:10)
    at Socket.emit (node:events:390:28)
    at Socket.emit (node:domain:475:12)
    --------------------
    at Pool.query (C:\Users\USER001\Desktop\vacations-newest\Backend\node_modules\mysql\lib\Pool.js:199:23)
    at C:\Users\USER001\Desktop\vacations-newest\Backend\src\2-utils\dal.ts:13:20
    at new Promise (<anonymous>)
    at Object.execute (C:\Users\USER001\Desktop\vacations-newest\Backend\src\2-utils\dal.ts:12:12)
    at Object.<anonymous> (C:\Users\USER001\Desktop\vacations-newest\Backend\src\5-logic\vacations-logic.ts:130:38)
    at Generator.next (<anonymous>)
    at C:\Users\USER001\Desktop\vacations-newest\Backend\src\5-logic\vacations-logic.ts:8:71
    at new Promise (<anonymous>)
    at __awaiter (C:\Users\USER001\Desktop\vacations-newest\Backend\src\5-logic\vacations-logic.ts:4:12)
    at Object.deleteVacation (C:\Users\USER001\Desktop\vacations-newest\Backend\src\5-logic\vacations-logic.ts:118:12)
----------------------------------------------------------------------------------------------------
Sun, 29 Jan 2023 19:38:36 GMT
catchAll error
Stack: Error: ER_ROW_IS_REFERENCED_2: Cannot delete or update a parent row: a foreign key constraint fails (`vacation`.`followers`, CONSTRAINT `followers_ibfk_1` FOREIGN KEY (`vacationId`) REFERENCES `vacations` (`vacationId`))
    at Query.Sequence._packetToError (C:\Users\USER001\Desktop\vacations-newest\Backend\node_modules\mysql\lib\protocol\sequences\Sequence.js:47:14)
    at Query.ErrorPacket (C:\Users\USER001\Desktop\vacations-newest\Backend\node_modules\mysql\lib\protocol\sequences\Query.js:79:18)
    at Protocol._parsePacket (C:\Users\USER001\Desktop\vacations-newest\Backend\node_modules\mysql\lib\protocol\Protocol.js:291:23)
    at Parser._parsePacket (C:\Users\USER001\Desktop\vacations-newest\Backend\node_modules\mysql\lib\protocol\Parser.js:433:10)
    at Parser.write (C:\Users\USER001\Desktop\vacations-newest\Backend\node_modules\mysql\lib\protocol\Parser.js:43:10)
    at Protocol.write (C:\Users\USER001\Desktop\vacations-newest\Backend\node_modules\mysql\lib\protocol\Protocol.js:38:16)
    at Socket.<anonymous> (C:\Users\USER001\Desktop\vacations-newest\Backend\node_modules\mysql\lib\Connection.js:88:28)
    at Socket.<anonymous> (C:\Users\USER001\Desktop\vacations-newest\Backend\node_modules\mysql\lib\Connection.js:526:10)
    at Socket.emit (node:events:390:28)
    at Socket.emit (node:domain:475:12)
    --------------------
    at Pool.query (C:\Users\USER001\Desktop\vacations-newest\Backend\node_modules\mysql\lib\Pool.js:199:23)
    at C:\Users\USER001\Desktop\vacations-newest\Backend\src\2-utils\dal.ts:13:20
    at new Promise (<anonymous>)
    at Object.execute (C:\Users\USER001\Desktop\vacations-newest\Backend\src\2-utils\dal.ts:12:12)
    at Object.<anonymous> (C:\Users\USER001\Desktop\vacations-newest\Backend\src\5-logic\vacations-logic.ts:130:38)
    at Generator.next (<anonymous>)
    at C:\Users\USER001\Desktop\vacations-newest\Backend\src\5-logic\vacations-logic.ts:8:71
    at new Promise (<anonymous>)
    at __awaiter (C:\Users\USER001\Desktop\vacations-newest\Backend\src\5-logic\vacations-logic.ts:4:12)
    at Object.deleteVacation (C:\Users\USER001\Desktop\vacations-newest\Backend\src\5-logic\vacations-logic.ts:118:12)
----------------------------------------------------------------------------------------------------
Sun, 29 Jan 2023 19:38:46 GMT
catchAll error
Stack: Error: ER_ROW_IS_REFERENCED_2: Cannot delete or update a parent row: a foreign key constraint fails (`vacation`.`followers`, CONSTRAINT `followers_ibfk_1` FOREIGN KEY (`vacationId`) REFERENCES `vacations` (`vacationId`))
    at Query.Sequence._packetToError (C:\Users\USER001\Desktop\vacations-newest\Backend\node_modules\mysql\lib\protocol\sequences\Sequence.js:47:14)
    at Query.ErrorPacket (C:\Users\USER001\Desktop\vacations-newest\Backend\node_modules\mysql\lib\protocol\sequences\Query.js:79:18)
    at Protocol._parsePacket (C:\Users\USER001\Desktop\vacations-newest\Backend\node_modules\mysql\lib\protocol\Protocol.js:291:23)
    at Parser._parsePacket (C:\Users\USER001\Desktop\vacations-newest\Backend\node_modules\mysql\lib\protocol\Parser.js:433:10)
    at Parser.write (C:\Users\USER001\Desktop\vacations-newest\Backend\node_modules\mysql\lib\protocol\Parser.js:43:10)
    at Protocol.write (C:\Users\USER001\Desktop\vacations-newest\Backend\node_modules\mysql\lib\protocol\Protocol.js:38:16)
    at Socket.<anonymous> (C:\Users\USER001\Desktop\vacations-newest\Backend\node_modules\mysql\lib\Connection.js:88:28)
    at Socket.<anonymous> (C:\Users\USER001\Desktop\vacations-newest\Backend\node_modules\mysql\lib\Connection.js:526:10)
    at Socket.emit (node:events:390:28)
    at Socket.emit (node:domain:475:12)
    --------------------
    at Pool.query (C:\Users\USER001\Desktop\vacations-newest\Backend\node_modules\mysql\lib\Pool.js:199:23)
    at C:\Users\USER001\Desktop\vacations-newest\Backend\src\2-utils\dal.ts:13:20
    at new Promise (<anonymous>)
    at Object.execute (C:\Users\USER001\Desktop\vacations-newest\Backend\src\2-utils\dal.ts:12:12)
    at Object.<anonymous> (C:\Users\USER001\Desktop\vacations-newest\Backend\src\5-logic\vacations-logic.ts:130:38)
    at Generator.next (<anonymous>)
    at C:\Users\USER001\Desktop\vacations-newest\Backend\src\5-logic\vacations-logic.ts:8:71
    at new Promise (<anonymous>)
    at __awaiter (C:\Users\USER001\Desktop\vacations-newest\Backend\src\5-logic\vacations-logic.ts:4:12)
    at Object.deleteVacation (C:\Users\USER001\Desktop\vacations-newest\Backend\src\5-logic\vacations-logic.ts:118:12)
----------------------------------------------------------------------------------------------------
